<?xml version="1.0" encoding="UTF-8"?>
<testsuite xmlns:xsi="http://www.w3.org/2001/XMLSchema-instance" xsi:noNamespaceSchemaLocation="https://maven.apache.org/surefire/maven-surefire-plugin/xsd/surefire-test-report-3.0.xsd" version="3.0" name="TestNG" time="2.448" tests="7" errors="0" skipped="0" failures="0">
  <properties>
[...]
</properties>
  <testcase name="checkoutBarang" classname="TestNG" time="0.004">
    <system-out><![CDATA[> Ini untuk setup Class
Before method
]]></system-out>
    <system-err><![CDATA[SLF4J: Failed to load class "org.slf4j.impl.StaticLoggerBinder".
SLF4J: Defaulting to no-operation (NOP) logger implementation
SLF4J: See http://www.slf4j.org/codes.html#StaticLoggerBinder for further details.
]]></system-err>
  </testcase>
  <testcase name="dataTestScenario[Maissy, 10](1)" classname="TestNG" time="0.009">
    <system-out><![CDATA[After Method
Before method
Nama : Maissy, Umur : 10
]]></system-out>
  </testcase>
  <testcase name="dataTestScenario[Tsara, 20](2)" classname="TestNG" time="0.0">
    <system-out><![CDATA[After Method
Before method
Nama : Tsara, Umur : 20
]]></system-out>
  </testcase>
  <testcase name="dataTestScenario[Permata, 30](3)" classname="TestNG" time="0.0">
    <system-out><![CDATA[After Method
Before method
Nama : Permata, Umur : 30
]]></system-out>
  </testcase>
  <testcase name="scenarioTest1" classname="TestNG" time="0.045">
    <system-out><![CDATA[After Method
Before method
- Scenario 1
]]></system-out>
  </testcase>
  <testcase name="scenarioTest2" classname="TestNG" time="0.003">
    <system-out><![CDATA[After Method
Before method
- Scenario 2
]]></system-out>
  </testcase>
  <testcase name="scenarioTest3" classname="TestNG" time="0.002">
    <system-out><![CDATA[After Method
Before method
- Scenario 3
]]></system-out>
  </testcase>
</testsuite>