<?xml version="1.0" encoding="UTF-8"?>
<testsuite xmlns:xsi="http://www.w3.org/2001/XMLSchema-instance" xsi:noNamespaceSchemaLocation="https://maven.apache.org/surefire/maven-surefire-plugin/xsd/surefire-test-report-3.0.xsd" version="3.0" name="restassured.ValidationTest" time="5.946" tests="1" errors="0" skipped="0" failures="0">
  <properties>
[...]
</properties>
  <testcase name="createObject" classname="restassured.ValidationTest" time="5.138">
    <system-out><![CDATA[Request method:	POST
Request URI:	https://api.restful-api.dev/objects
Proxy:			<none>
Request params:	<none>
Query params:	<none>
Form params:	<none>
Path params:	path=objects
Headers:		Accept=*/*
				Content-Type=application/json
Cookies:		<none>
Multiparts:		<none>
Body:
{
    "name": "Asus Vivobook",
    "createdAt": "2025-02-20T15:48:30.132+00:00",
    "data": {
        "year": 2021,
        "price": 4000500,
        "CPU model": "Intel Core i5",
        "Hard disk size": "256 GB"
    }
}
Add Object {
    "id": "ff808181932badb6019528e491a87b3b",
    "name": "Asus Vivobook",
    "createdAt": "2025-02-21T14:23:43.016+00:00",
    "data": {
        "year": 2021,
        "price": 4000500,
        "CPU model": "Intel Core i5",
        "Hard disk size": "256 GB"
    }
}
]]></system-out>
    <system-err><![CDATA[SLF4J: Failed to load class "org.slf4j.impl.StaticLoggerBinder".
SLF4J: Defaulting to no-operation (NOP) logger implementation
SLF4J: See http://www.slf4j.org/codes.html#StaticLoggerBinder for further details.
]]></system-err>
  </testcase>
</testsuite>