<?xml version="1.0" encoding="UTF-8"?>
<!-- Generated by org.testng.reporters.JUnitXMLReporter -->
<testsuite ignored="0" hostname="DESKTOP-T4DOQ1V" failures="0" tests="16" name="MyTestGroup" time="0.099" errors="0" timestamp="2025-02-14T01:12:10 WIB">
  <testcase classname="ParallelTestNG" name="dataTestScenario" time="0.01"/>
  <testcase classname="ParallelTestNG2" name="dataTestScenario" time="0.009"/>
  <testcase classname="ParallelTestNG" name="dataTestScenario" time="0.0"/>
  <testcase classname="ParallelTestNG2" name="dataTestScenario" time="0.001"/>
  <testcase classname="ParallelTestNG" name="dataTestScenario" time="0.0"/>
  <testcase classname="ParallelTestNG2" name="dataTestScenario" time="0.001"/>
  <testcase classname="ParallelTestNG2" name="scenarioTest1" time="0.006"/>
  <testcase classname="ParallelTestNG" name="scenarioTest1" time="0.008"/>
  <testcase classname="ParallelTestNG2" name="scenarioTest2" time="0.001"/>
  <testcase classname="ParallelTestNG" name="scenarioTest2" time="0.001"/>
  <testcase classname="ParallelTestNG" name="scenarioTest3" time="0.001"/>
  <testcase classname="ParallelTestNG2" name="scenarioTest3" time="0.002"/>
  <testcase classname="ParallelTestNG" name="scenarioTest4" time="0.001"/>
  <testcase classname="ParallelTestNG2" name="scenarioTest4" time="0.001"/>
  <testcase classname="ParallelTestNG" name="scenarioTest5" time="0.001"/>
  <testcase classname="ParallelTestNG2" name="scenarioTest5" time="0.001"/>
</testsuite> <!-- MyTestGroup -->
